********** SYNCRONIZATION TDPOT ***************************************
9.0030829140568986      <= TDENS <=   115.49891491380379
ASSEMBLING STIFF
0    0 4.9E-15 0.0E+00 4.9E-15  <<PCG>>WCT:0.0E+00 s
 iter. =    0 | time  =  0.00E+00
  
********** UPDATE 00001 | TIME STEP = 1.00E+00 ************************
 ***********************************************************************
 1 |NEWTON FUNC=   2.140E+01 | POT =   6.872E-15 | GFVAR =   2.140E+01
 1 |LINEAR SOLVER :  0    0 8.1E-15 0.0E+00 8.1E-15  <<PCG>>WCT:0.0E+00 s
 1 |RESIDUA : \|J s + F\|= 3.33E-11\|J s + F\|/|F|= 1.55E-12
 1 |Alpha Dumping = 1.00E+00
 ***********************************************************************
 ***********************************************************************
 2 |NEWTON FUNC=   1.469E-01 | POT =   1.469E-01 | GFVAR =   2.599E-04
 2 |LINEAR SOLVER :  0    0 5.8E-15 0.0E+00 5.8E-15  <<PCG>>WCT:0.0E+00 s
 2 |RESIDUA : \|J s + F\|= 1.35E-11\|J s + F\|/|F|= 9.17E-11
 2 |Alpha Dumping = 1.00E+00
 ***********************************************************************
 ***********************************************************************
 3 |NEWTON FUNC=   1.721E-04 | POT =   1.768E-05 | GFVAR =   1.712E-04
 3 |LINEAR SOLVER :  0    0 7.2E-15 0.0E+00 7.2E-15  <<PCG>>WCT:0.0E+00 s
 3 |RESIDUA : \|J s + F\|= 2.75E-15\|J s + F\|/|F|= 1.60E-11
 3 |Alpha Dumping = 1.00E+00
 ***********************************************************************
 ***********************************************************************
 4 |NEWTON FUNC=   3.348E-10 | POT =   3.347E-10 | GFVAR =   6.247E-12
 ***********************************************************************
 NEWTON CONVERGED IN  4 ITERATIONS WITH RESIDUA=3.35E-10
 ********** UPDATE SUCCEED *********************************************
 iter =    1 | time =  1.00E+00 | deltat =  1.00E+00 | var = 3.599E-01
  
********** UPDATE 00002 | TIME STEP = 2.00E+00 ************************
 ***********************************************************************
 1 |NEWTON FUNC=   1.712E+01 | POT =   3.347E-10 | GFVAR =   1.712E+01
 1 |LINEAR SOLVER :  0    0 9.0E-15 0.0E+00 9.0E-15  <<PCG>>WCT:0.0E+00 s
 1 |RESIDUA : \|J s + F\|= 8.64E-11\|J s + F\|/|F|= 5.05E-12
 1 |Alpha Dumping = 1.00E+00
 ***********************************************************************
 ***********************************************************************
 2 |NEWTON FUNC=   3.657E-01 | POT =   3.656E-01 | GFVAR =   2.325E-03
 2 |LINEAR SOLVER :  0    0 8.1E-15 0.0E+00 8.1E-15  <<PCG>>WCT:0.0E+00 s
 2 |RESIDUA : \|J s + F\|= 7.46E-11\|J s + F\|/|F|= 2.04E-10
 2 |Alpha Dumping = 1.00E+00
 ***********************************************************************
 ***********************************************************************
 3 |NEWTON FUNC=   3.596E-03 | POT =   7.217E-04 | GFVAR =   3.522E-03
 3 |LINEAR SOLVER :  0    0 9.7E-15 0.0E+00 9.7E-15  <<PCG>>WCT:0.0E+00 s
 3 |RESIDUA : \|J s + F\|= 2.74E-13\|J s + F\|/|F|= 7.61E-11
 3 |Alpha Dumping = 1.00E+00
 ***********************************************************************
 ***********************************************************************
 4 |NEWTON FUNC=   7.127E-07 | POT =   7.117E-07 | GFVAR =   3.733E-08
 4 |LINEAR SOLVER :  0    0 3.0E-15 0.0E+00 3.0E-15  <<PCG>>WCT:0.0E+00 s
 4 |RESIDUA : \|J s + F\|= 1.11E-16\|J s + F\|/|F|= 1.56E-10
 4 |Alpha Dumping = 1.00E+00
 ***********************************************************************
 ***********************************************************************
 5 |NEWTON FUNC=   2.535E-14 | POT =   1.940E-14 | GFVAR =   1.632E-14
 ***********************************************************************
 NEWTON CONVERGED IN  5 ITERATIONS WITH RESIDUA=2.54E-14
 ********** UPDATE SUCCEED *********************************************
 iter =    2 | time =  3.00E+00 | deltat =  2.00E+00 | var = 2.776E-01
  
********** UPDATE 00003 | TIME STEP = 4.00E+00 ************************
 ***********************************************************************
 1 |NEWTON FUNC=   1.140E+01 | POT =   1.940E-14 | GFVAR =   1.140E+01
 1 |LINEAR SOLVER :  0    0 6.7E-15 0.0E+00 6.7E-15  <<PCG>>WCT:0.0E+00 s
 1 |RESIDUA : \|J s + F\|= 2.84E-10\|J s + F\|/|F|= 2.49E-11
 1 |Alpha Dumping = 1.00E+00
 ***********************************************************************
 ***********************************************************************
 2 |NEWTON FUNC=   6.972E-01 | POT =   6.968E-01 | GFVAR =   2.441E-02
 2 |LINEAR SOLVER :  0    0 5.0E-15 0.0E+00 5.0E-15  <<PCG>>WCT:0.0E+00 s
 2 |RESIDUA : \|J s + F\|= 5.05E-10\|J s + F\|/|F|= 7.24E-10
 2 |Alpha Dumping = 1.00E+00
 ***********************************************************************
 ***********************************************************************
 3 |NEWTON FUNC=   9.468E-02 | POT =   3.276E-02 | GFVAR =   8.883E-02
 3 |LINEAR SOLVER :  0    0 4.4E-15 0.0E+00 4.4E-15  <<PCG>>WCT:0.0E+00 s
 3 |RESIDUA : \|J s + F\|= 4.67E-11\|J s + F\|/|F|= 4.94E-10
 3 |Alpha Dumping = 1.00E+00
 ***********************************************************************
 ***********************************************************************
 4 |NEWTON FUNC=   1.258E-03 | POT =   1.141E-03 | GFVAR =   5.304E-04
 4 |LINEAR SOLVER :  0    0 5.6E-15 0.0E+00 5.6E-15  <<PCG>>WCT:0.0E+00 s
 4 |RESIDUA : \|J s + F\|= 4.90E-13\|J s + F\|/|F|= 3.89E-10
 4 |Alpha Dumping = 1.00E+00
 ***********************************************************************
 ***********************************************************************
 5 |NEWTON FUNC=   5.084E-07 | POT =   4.712E-07 | GFVAR =   1.911E-07
 5 |LINEAR SOLVER :  0    0 3.3E-15 0.0E+00 3.3E-15  <<PCG>>WCT:0.0E+00 s
 5 |RESIDUA : \|J s + F\|= 2.18E-16\|J s + F\|/|F|= 4.29E-10
 5 |Alpha Dumping = 1.00E+00
 ***********************************************************************
 ***********************************************************************
 6 |NEWTON FUNC=   4.128E-14 | POT =   1.535E-14 | GFVAR =   3.832E-14
 ***********************************************************************
 NEWTON CONVERGED IN  6 ITERATIONS WITH RESIDUA=4.13E-14
 ********** UPDATE SUCCEED *********************************************
 iter =    3 | time =  7.00E+00 | deltat =  4.00E+00 | var = 1.863E-01
  
********** UPDATE 00004 | TIME STEP = 8.00E+00 ************************
 ***********************************************************************
 1 |NEWTON FUNC=   5.618E+00 | POT =   1.535E-14 | GFVAR =   5.618E+00
 1 |LINEAR SOLVER :  0    0 4.9E-15 0.0E+00 4.9E-15  <<PCG>>WCT:0.0E+00 s
 1 |RESIDUA : \|J s + F\|= 1.00E-09\|J s + F\|/|F|= 1.78E-10
 1 |Alpha Dumping = 1.00E+00
 ***********************************************************************
 ***********************************************************************
 2 |NEWTON FUNC=   9.079E-01 | POT =   8.962E-01 | GFVAR =   1.452E-01
 2 |LINEAR SOLVER :  0    0 2.7E-15 0.0E+00 2.7E-15  <<PCG>>WCT:0.0E+00 s
 2 |RESIDUA : \|J s + F\|= 1.10E-09\|J s + F\|/|F|= 1.21E-09
 2 |Alpha Dumping = 1.00E+00
 ***********************************************************************
 ***********************************************************************
 3 |NEWTON FUNC=   6.961E-01 | POT =   3.969E-01 | GFVAR =   5.719E-01
 3 |LINEAR SOLVER :  0    0 1.6E-15 0.0E+00 1.6E-15  <<PCG>>WCT:0.0E+00 s
 3 |RESIDUA : \|J s + F\|= 3.76E-10\|J s + F\|/|F|= 5.41E-10
 3 |Alpha Dumping = 1.00E+00
 ***********************************************************************
 ***********************************************************************
 4 |NEWTON FUNC=   6.276E-02 | POT =   2.249E-02 | GFVAR =   5.859E-02
 4 |LINEAR SOLVER :  0    0 1.6E-15 0.0E+00 1.6E-15  <<PCG>>WCT:0.0E+00 s
 4 |RESIDUA : \|J s + F\|= 3.06E-11\|J s + F\|/|F|= 4.88E-10
 4 |Alpha Dumping = 1.00E+00
 ***********************************************************************
 ***********************************************************************
 5 |NEWTON FUNC=   7.884E-04 | POT =   7.694E-04 | GFVAR =   1.719E-04
 5 |LINEAR SOLVER :  0    0 1.0E-15 0.0E+00 1.0E-15  <<PCG>>WCT:0.0E+00 s
 5 |RESIDUA : \|J s + F\|= 1.24E-13\|J s + F\|/|F|= 1.58E-10
 5 |Alpha Dumping = 1.00E+00
 ***********************************************************************
 ***********************************************************************
 6 |NEWTON FUNC=   1.907E-07 | POT =   1.773E-07 | GFVAR =   7.019E-08
 6 |LINEAR SOLVER :  0    0 1.0E-15 0.0E+00 1.0E-15  <<PCG>>WCT:0.0E+00 s
 6 |RESIDUA : \|J s + F\|= 6.77E-17\|J s + F\|/|F|= 3.55E-10
 6 |Alpha Dumping = 1.00E+00
 ***********************************************************************
 ***********************************************************************
 7 |NEWTON FUNC=   1.186E-14 | POT =   1.009E-14 | GFVAR =   6.225E-15
 ***********************************************************************
 NEWTON CONVERGED IN  7 ITERATIONS WITH RESIDUA=1.19E-14
 ********** UPDATE SUCCEED *********************************************
 iter =    4 | time =  1.50E+01 | deltat =  8.00E+00 | var = 1.023E-01
  
********** UPDATE 00005 | TIME STEP = 1.60E+01 ************************
 ***********************************************************************
 1 |NEWTON FUNC=   1.669E+00 | POT =   1.009E-14 | GFVAR =   1.669E+00
 1 |LINEAR SOLVER :  0    0 3.2E-15 0.0E+00 3.2E-15  <<PCG>>WCT:0.0E+00 s
 1 |RESIDUA : \|J s + F\|= 5.71E-10\|J s + F\|/|F|= 3.42E-10
 1 |Alpha Dumping = 1.00E+00
 ***********************************************************************
 ***********************************************************************
 2 |NEWTON FUNC=   2.439E-01 | POT =   2.296E-01 | GFVAR =   8.245E-02
 2 |LINEAR SOLVER :  0    0 1.6E-15 0.0E+00 1.6E-15  <<PCG>>WCT:0.0E+00 s
 2 |RESIDUA : \|J s + F\|= 5.92E-11\|J s + F\|/|F|= 2.43E-10
 2 |Alpha Dumping = 1.00E+00
 ***********************************************************************
 ***********************************************************************
 3 |NEWTON FUNC=   5.471E-02 | POT =   4.115E-02 | GFVAR =   3.605E-02
 3 |LINEAR SOLVER :  0    0 1.1E-15 0.0E+00 1.1E-15  <<PCG>>WCT:0.0E+00 s
 3 |RESIDUA : \|J s + F\|= 1.38E-11\|J s + F\|/|F|= 2.51E-10
 3 |Alpha Dumping = 1.00E+00
 ***********************************************************************
 ***********************************************************************
 4 |NEWTON FUNC=   2.569E-03 | POT =   2.139E-03 | GFVAR =   1.422E-03
 4 |LINEAR SOLVER :  0    0 1.4E-15 0.0E+00 1.4E-15  <<PCG>>WCT:0.0E+00 s
 4 |RESIDUA : \|J s + F\|= 4.43E-13\|J s + F\|/|F|= 1.72E-10
 4 |Alpha Dumping = 1.00E+00
 ***********************************************************************
 ***********************************************************************
 5 |NEWTON FUNC=   7.129E-06 | POT =   6.790E-06 | GFVAR =   2.172E-06
 5 |LINEAR SOLVER :  0    0 1.2E-15 0.0E+00 1.2E-15  <<PCG>>WCT:0.0E+00 s
 5 |RESIDUA : \|J s + F\|= 9.81E-16\|J s + F\|/|F|= 1.38E-10
 5 |Alpha Dumping = 1.00E+00
 ***********************************************************************
 ***********************************************************************
 6 |NEWTON FUNC=   4.283E-11 | POT =   4.007E-11 | GFVAR =   1.513E-11
 ***********************************************************************
 NEWTON CONVERGED IN  6 ITERATIONS WITH RESIDUA=4.28E-11
 ********** UPDATE SUCCEED *********************************************
 iter =    5 | time =  3.10E+01 | deltat =  1.60E+01 | var = 2.703E-02
  
********** UPDATE 00006 | TIME STEP = 3.20E+01 ************************
 ***********************************************************************
 1 |NEWTON FUNC=   2.909E-01 | POT =   4.007E-11 | GFVAR =   2.909E-01
 1 |LINEAR SOLVER :  0    0 2.3E-15 0.0E+00 2.3E-15  <<PCG>>WCT:0.0E+00 s
 1 |RESIDUA : \|J s + F\|= 4.82E-11\|J s + F\|/|F|= 1.66E-10
 1 |Alpha Dumping = 1.00E+00
 ***********************************************************************
 ***********************************************************************
 2 |NEWTON FUNC=   2.204E-02 | POT =   2.201E-02 | GFVAR =   1.166E-03
 2 |LINEAR SOLVER :  0    0 9.5E-08 0.0E+00 9.5E-08  <<PCG>>WCT:0.0E+00 s
 2 |RESIDUA : \|J s + F\|= 3.06E-09\|J s + F\|/|F|= 1.39E-07
 2 |Alpha Dumping = 1.00E+00
 ***********************************************************************
 ***********************************************************************
 3 |NEWTON FUNC=   9.061E-05 | POT =   7.887E-05 | GFVAR =   4.460E-05
 3 |LINEAR SOLVER :  0    0 1.3E-06 0.0E+00 1.3E-06  <<PCG>>WCT:0.0E+00 s
 3 |RESIDUA : \|J s + F\|= 3.70E-10\|J s + F\|/|F|= 4.08E-06
 3 |Alpha Dumping = 1.00E+00
 ***********************************************************************
 ***********************************************************************
 4 |NEWTON FUNC=   1.956E-07 | POT =   2.203E-08 | GFVAR =   1.944E-07
 4 |LINEAR SOLVER :  0    1 1.2E-03 2.6E-07 2.6E-07  <<PCG>>WCT:0.0E+00 s
 4 |RESIDUA : \|J s + F\|= 1.08E-14\|J s + F\|/|F|= 5.50E-08
 4 |Alpha Dumping = 1.00E+00
 ***********************************************************************
 ***********************************************************************
 5 |NEWTON FUNC=   1.892E-12 | POT =   3.466E-13 | GFVAR =   1.860E-12
 ***********************************************************************
 NEWTON CONVERGED IN  5 ITERATIONS WITH RESIDUA=1.89E-12
 ********** UPDATE SUCCEED *********************************************
 iter =    6 | time =  6.30E+01 | deltat =  3.20E+01 | var = 9.428E-04
  
********** UPDATE 00007 | TIME STEP = 6.40E+01 ************************
 ***********************************************************************
 1 |NEWTON FUNC=   3.301E-02 | POT =   3.466E-13 | GFVAR =   3.301E-02
 1 |LINEAR SOLVER :  0    0 4.0E-07 0.0E+00 4.0E-07  <<PCG>>WCT:0.0E+00 s
 1 |RESIDUA : \|J s + F\|= 3.75E-08\|J s + F\|/|F|= 1.14E-06
 1 |Alpha Dumping = 1.00E+00
 ***********************************************************************
 ***********************************************************************
 2 |NEWTON FUNC=   5.228E-04 | POT =   5.219E-04 | GFVAR =   3.113E-05
 2 |LINEAR SOLVER :  0    1 1.6E-05 2.1E-06 2.1E-06  <<PCG>>WCT:0.0E+00 s
 2 |RESIDUA : \|J s + F\|= 1.09E-09\|J s + F\|/|F|= 2.09E-06
 2 |Alpha Dumping = 1.00E+00
 ***********************************************************************
 ***********************************************************************
 3 |NEWTON FUNC=   6.082E-07 | POT =   4.455E-08 | GFVAR =   6.065E-07
 3 |LINEAR SOLVER :  0    1 2.5E-05 9.9E-06 9.9E-06  <<PCG>>WCT:0.0E+00 s
 3 |RESIDUA : \|J s + F\|= 1.32E-12\|J s + F\|/|F|= 2.17E-06
 3 |Alpha Dumping = 1.00E+00
 ***********************************************************************
 ***********************************************************************
 4 |NEWTON FUNC=   1.847E-11 | POT =   1.079E-12 | GFVAR =   1.844E-11
 ***********************************************************************
 NEWTON CONVERGED IN  4 ITERATIONS WITH RESIDUA=1.85E-11
 ********** UPDATE SUCCEED *********************************************
 iter =    7 | time =  1.27E+02 | deltat =  6.40E+01 | var = 1.128E-05
  
********** UPDATE 00008 | TIME STEP = 1.28E+02 ************************
 ***********************************************************************
 1 |NEWTON FUNC=   2.122E-03 | POT =   1.079E-12 | GFVAR =   2.122E-03
 1 |LINEAR SOLVER :  0    0 4.0E-08 0.0E+00 4.0E-08  <<PCG>>WCT:0.0E+00 s
 1 |RESIDUA : \|J s + F\|= 1.60E-10\|J s + F\|/|F|= 7.52E-08
 1 |Alpha Dumping = 1.00E+00
 ***********************************************************************
 ***********************************************************************
 2 |NEWTON FUNC=   3.398E-06 | POT =   3.346E-06 | GFVAR =   5.947E-07
 2 |LINEAR SOLVER :  0    0 7.3E-06 0.0E+00 7.3E-06  <<PCG>>WCT:1.0E-03 s
 2 |RESIDUA : \|J s + F\|= 2.40E-11\|J s + F\|/|F|= 7.06E-06
 2 |Alpha Dumping = 1.00E+00
 ***********************************************************************
 ***********************************************************************
 3 |NEWTON FUNC=   5.377E-09 | POT =   2.409E-11 | GFVAR =   5.377E-09
 3 |LINEAR SOLVER :  0    4 7.2E-01 1.8E-06 4.0E-06  <<PCG>>WCT:0.0E+00 s
 3 |RESIDUA : \|J s + F\|= 2.32E-13\|J s + F\|/|F|= 4.31E-05
 3 |Alpha Dumping = 1.00E+00
 ***********************************************************************
 ***********************************************************************
 4 |NEWTON FUNC=   2.003E-10 | POT =   2.336E-13 | GFVAR =   2.003E-10
 ***********************************************************************
 NEWTON CONVERGED IN  4 ITERATIONS WITH RESIDUA=2.00E-10
 ********** UPDATE SUCCEED *********************************************
 iter =    8 | time =  2.55E+02 | deltat =  1.28E+02 | var = 7.498E-08
  
********** UPDATE 00009 | TIME STEP = 2.56E+02 ************************
 ***********************************************************************
 1 |NEWTON FUNC=   7.329E-05 | POT =   2.336E-13 | GFVAR =   7.329E-05
 1 |LINEAR SOLVER :  0    0 7.0E-09 0.0E+00 7.0E-09  <<PCG>>WCT:0.0E+00 s
 1 |RESIDUA : \|J s + F\|= 4.76E-13\|J s + F\|/|F|= 6.49E-09
 1 |Alpha Dumping = 1.00E+00
 ***********************************************************************
 ***********************************************************************
 2 |NEWTON FUNC=   7.941E-09 | POT =   5.578E-09 | GFVAR =   5.652E-09
 2 |LINEAR SOLVER :  0    0 3.0E-08 0.0E+00 3.0E-08  <<PCG>>WCT:0.0E+00 s
 2 |RESIDUA : \|J s + F\|= 5.63E-14\|J s + F\|/|F|= 7.09E-06
 2 |Alpha Dumping = 1.00E+00
 ***********************************************************************
 ***********************************************************************
 3 |NEWTON FUNC=   2.892E-12 | POT =   5.634E-14 | GFVAR =   2.891E-12
 ***********************************************************************
 NEWTON CONVERGED IN  3 ITERATIONS WITH RESIDUA=2.89E-12
 ********** UPDATE SUCCEED *********************************************
 iter =    9 | time =  5.11E+02 | deltat =  2.56E+02 | var = 2.854E-10
