********** Evolution begins *******************************************
********** INPUTS *****************************************************
Ntdens =         1259 Npot=         2588
 Stationary data
Pflux(beta)= 1.50E+00 Pmass(gamma)= 1.00E+00 Pode= 2.00E+00
-5.00E-01<=rhs        <=3.33E-01
 1.00E+00<=kappa      <=1.00E+00
********** SYNCRONIZATION TDPOT ***************************************
Steady Inputs
OUTER SOLVER: ITERATIVE PCG rel tol=1.0E-12 - imax= 200
INNER SOLVER: ITERATIVE PCG rel tol=1.0E-03 - imax= 200
0   18 3.6E-02 2.4E-13 2.4E-13  <<PCG>>WCT:2.0E-03 s
**********  ***********************************************************
  
 ********** INFO STATE *************************************************
tdens : min   =  1.00E+00 | max   =  1.00E+00 | wmass =  1.00E+00
funct : ene   =  4.87E-01 | lyap  =  1.49E+00 | dgap  =  8.06E-01
 ***********************************************************************
 iter. =    0 | time  =  0.00E+00 | cpu =  1.50E-02

********** UPDATE 00001 | TIME STEP = 4.00E-01 ************************
7.61E-03<= |TDENS INCREMENT| <= 3.23E+01
Steady Inputs
OUTER SOLVER: ITERATIVE PCG rel tol=1.0E-12 - imax= 200
INNER SOLVER: ITERATIVE PCG rel tol=1.0E-03 - imax= 200
0   18 3.5E-02 2.8E-13 2.9E-13  <<PCG>>WCT:3.0E-03 s
********** UPDATE SUCCEED - CPU:1.50E-02 ******************************
  
 ********** INFO STATE *************************************************
tdens : min   =  6.00E-01 | max   =  1.39E+01 | wmass =  9.56E-01
funct : ene   =  3.06E-01 | lyap  =  1.26E+00 | dgap  =  8.06E-01
 ***********************************************************************
 iter =    1 | time =  4.00E-01 | cpu =  3.00E-02s (100%)  | var =  2.26E+00

********** UPDATE 00002 | TIME STEP = 4.00E-01 ************************
3.96E-03<= |TDENS INCREMENT| <= 1.27E+01
Steady Inputs
OUTER SOLVER: ITERATIVE PCG rel tol=1.0E-12 - imax= 200
INNER SOLVER: ITERATIVE PCG rel tol=1.0E-03 - imax= 200
0   18 3.1E-02 1.5E-13 1.5E-13  <<PCG>>WCT:4.0E-03 s
********** UPDATE SUCCEED - CPU:1.90E-02 ******************************
  
 ********** INFO STATE *************************************************
tdens : min   =  3.60E-01 | max   =  1.90E+01 | wmass =  8.77E-01
funct : ene   =  2.93E-01 | lyap  =  1.17E+00 | dgap  =  8.06E-01
 ***********************************************************************
 iter =    2 | time =  8.00E-01 | cpu =  4.90E-02s (100%)  | var =  6.19E-01

********** UPDATE 00003 | TIME STEP = 4.00E-01 ************************
1.97E-03<= |TDENS INCREMENT| <= 1.87E+01
Steady Inputs
OUTER SOLVER: ITERATIVE PCG rel tol=1.0E-12 - imax= 200
INNER SOLVER: ITERATIVE PCG rel tol=1.0E-03 - imax= 200
0   18 2.9E-02 6.0E-14 6.2E-14  <<PCG>>WCT:4.0E-03 s
********** UPDATE SUCCEED - CPU:1.50E-02 ******************************
  
 ********** INFO STATE *************************************************
tdens : min   =  2.16E-01 | max   =  2.65E+01 | wmass =  8.11E-01
funct : ene   =  2.87E-01 | lyap  =  1.10E+00 | dgap  =  8.06E-01
 ***********************************************************************
 iter =    3 | time =  1.20E+00 | cpu =  6.40E-02s (100%)  | var =  6.01E-01

********** UPDATE 00004 | TIME STEP = 4.00E-01 ************************
4.15E-05<= |TDENS INCREMENT| <= 2.31E+01
Steady Inputs
OUTER SOLVER: ITERATIVE PCG rel tol=1.0E-12 - imax= 200
INNER SOLVER: ITERATIVE PCG rel tol=1.0E-03 - imax= 200
0   18 2.6E-02 8.4E-14 8.5E-14  <<PCG>>WCT:3.0E-03 s
********** UPDATE SUCCEED - CPU:1.50E-02 ******************************
  
 ********** INFO STATE *************************************************
tdens : min   =  1.30E-01 | max   =  3.57E+01 | wmass =  7.57E-01
funct : ene   =  2.79E-01 | lyap  =  1.04E+00 | dgap  =  8.06E-01
 ***********************************************************************
 iter =    4 | time =  1.60E+00 | cpu =  7.90E-02s (100%)  | var =  5.81E-01

********** UPDATE 00005 | TIME STEP = 4.00E-01 ************************
6.97E-04<= |TDENS INCREMENT| <= 2.49E+01
Steady Inputs
OUTER SOLVER: ITERATIVE PCG rel tol=1.0E-12 - imax= 200
INNER SOLVER: ITERATIVE PCG rel tol=1.0E-03 - imax= 200
0   17 2.4E-02 4.1E-13 4.1E-13  <<PCG>>WCT:2.0E-03 s
********** UPDATE SUCCEED - CPU:1.40E-02 ******************************
  
 ********** INFO STATE *************************************************
tdens : min   =  7.80E-02 | max   =  4.57E+01 | wmass =  7.11E-01
funct : ene   =  2.70E-01 | lyap  =  9.81E-01 | dgap  =  8.06E-01
 ***********************************************************************
 iter =    5 | time =  2.00E+00 | cpu =  9.30E-02s (100%)  | var =  5.38E-01

********** UPDATE 00006 | TIME STEP = 4.00E-01 ************************
9.30E-05<= |TDENS INCREMENT| <= 2.37E+01
Steady Inputs
OUTER SOLVER: ITERATIVE PCG rel tol=1.0E-12 - imax= 200
INNER SOLVER: ITERATIVE PCG rel tol=1.0E-03 - imax= 200
0   17 2.1E-02 4.1E-13 4.1E-13  <<PCG>>WCT:2.0E-03 s
********** UPDATE SUCCEED - CPU:1.40E-02 ******************************
  
 ********** INFO STATE *************************************************
tdens : min   =  4.68E-02 | max   =  5.52E+01 | wmass =  6.72E-01
funct : ene   =  2.59E-01 | lyap  =  9.31E-01 | dgap  =  8.06E-01
 ***********************************************************************
 iter =    6 | time =  2.40E+00 | cpu =  1.07E-01s (100%)  | var =  4.71E-01

********** UPDATE 00007 | TIME STEP = 4.00E-01 ************************
9.51E-05<= |TDENS INCREMENT| <= 2.03E+01
Steady Inputs
OUTER SOLVER: ITERATIVE PCG rel tol=1.0E-12 - imax= 200
INNER SOLVER: ITERATIVE PCG rel tol=1.0E-03 - imax= 200
0   17 2.0E-02 6.6E-14 7.1E-14  <<PCG>>WCT:3.0E-03 s
********** UPDATE SUCCEED - CPU:1.40E-02 ******************************
  
 ********** INFO STATE *************************************************
tdens : min   =  2.81E-02 | max   =  6.33E+01 | wmass =  6.36E-01
funct : ene   =  2.49E-01 | lyap  =  8.85E-01 | dgap  =  8.06E-01
 ***********************************************************************
 iter =    7 | time =  2.80E+00 | cpu =  1.21E-01s (100%)  | var =  3.97E-01

********** UPDATE 00008 | TIME STEP = 4.00E-01 ************************
2.56E-03<= |TDENS INCREMENT| <= 1.83E+01
Steady Inputs
OUTER SOLVER: ITERATIVE PCG rel tol=1.0E-12 - imax= 200
INNER SOLVER: ITERATIVE PCG rel tol=1.0E-03 - imax= 200
0   16 1.9E-02 1.1E-13 1.2E-13  <<PCG>>WCT:2.0E-03 s
********** UPDATE SUCCEED - CPU:1.40E-02 ******************************
  
 ********** INFO STATE *************************************************
tdens : min   =  1.69E-02 | max   =  6.97E+01 | wmass =  6.04E-01
funct : ene   =  2.39E-01 | lyap  =  8.43E-01 | dgap  =  8.06E-01
 ***********************************************************************
 iter =    8 | time =  3.20E+00 | cpu =  1.35E-01s (100%)  | var =  3.28E-01

********** UPDATE 00009 | TIME STEP = 4.00E-01 ************************
2.76E-04<= |TDENS INCREMENT| <= 1.69E+01
Steady Inputs
OUTER SOLVER: ITERATIVE PCG rel tol=1.0E-12 - imax= 200
INNER SOLVER: ITERATIVE PCG rel tol=1.0E-03 - imax= 200
0   16 1.8E-02 2.9E-14 3.9E-14  <<PCG>>WCT:3.0E-03 s
********** UPDATE SUCCEED - CPU:1.40E-02 ******************************
  
 ********** INFO STATE *************************************************
tdens : min   =  1.01E-02 | max   =  7.44E+01 | wmass =  5.75E-01
funct : ene   =  2.30E-01 | lyap  =  8.05E-01 | dgap  =  8.06E-01
 ***********************************************************************
 iter =    9 | time =  3.60E+00 | cpu =  1.49E-01s (100%)  | var =  2.67E-01

********** UPDATE 00010 | TIME STEP = 4.00E-01 ************************
1.40E-03<= |TDENS INCREMENT| <= 1.42E+01
Steady Inputs
OUTER SOLVER: ITERATIVE PCG rel tol=1.0E-12 - imax= 200
INNER SOLVER: ITERATIVE PCG rel tol=1.0E-03 - imax= 200
0   15 1.7E-02 4.8E-13 4.9E-13  <<PCG>>WCT:2.0E-03 s
********** UPDATE SUCCEED - CPU:1.40E-02 ******************************
  
 ********** INFO STATE *************************************************
tdens : min   =  6.08E-03 | max   =  7.78E+01 | wmass =  5.48E-01
funct : ene   =  2.22E-01 | lyap  =  7.71E-01 | dgap  =  8.06E-01
 ***********************************************************************
 iter =   10 | time =  4.00E+00 | cpu =  1.63E-01s (100%)  | var =  2.19E-01

********** UPDATE 00011 | TIME STEP = 4.00E-01 ************************
9.82E-06<= |TDENS INCREMENT| <= 1.11E+01
Steady Inputs
OUTER SOLVER: ITERATIVE PCG rel tol=1.0E-12 - imax= 200
INNER SOLVER: ITERATIVE PCG rel tol=1.0E-03 - imax= 200
0   15 1.5E-02 1.9E-13 1.9E-13  <<PCG>>WCT:2.0E-03 s
********** UPDATE SUCCEED - CPU:1.40E-02 ******************************
  
 ********** INFO STATE *************************************************
tdens : min   =  3.65E-03 | max   =  8.01E+01 | wmass =  5.24E-01
funct : ene   =  2.15E-01 | lyap  =  7.39E-01 | dgap  =  8.06E-01
 ***********************************************************************
 iter =   11 | time =  4.40E+00 | cpu =  1.77E-01s (100%)  | var =  1.84E-01

********** UPDATE 00012 | TIME STEP = 4.00E-01 ************************
3.65E-03<= |TDENS INCREMENT| <= 8.15E+00
Steady Inputs
OUTER SOLVER: ITERATIVE PCG rel tol=1.0E-12 - imax= 200
INNER SOLVER: ITERATIVE PCG rel tol=1.0E-03 - imax= 200
0   15 1.4E-02 4.1E-14 5.7E-14  <<PCG>>WCT:2.0E-03 s
********** UPDATE SUCCEED - CPU:1.40E-02 ******************************
  
 ********** INFO STATE *************************************************
tdens : min   =  2.19E-03 | max   =  8.16E+01 | wmass =  5.02E-01
funct : ene   =  2.09E-01 | lyap  =  7.11E-01 | dgap  =  8.06E-01
 ***********************************************************************
 iter =   12 | time =  4.80E+00 | cpu =  1.91E-01s (100%)  | var =  1.62E-01

********** UPDATE 00013 | TIME STEP = 4.00E-01 ************************
2.19E-03<= |TDENS INCREMENT| <= 5.71E+00
Steady Inputs
OUTER SOLVER: ITERATIVE PCG rel tol=1.0E-12 - imax= 200
INNER SOLVER: ITERATIVE PCG rel tol=1.0E-03 - imax= 200
0   14 1.2E-02 3.3E-13 3.3E-13  <<PCG>>WCT:2.0E-03 s
********** UPDATE SUCCEED - CPU:1.30E-02 ******************************
  
 ********** INFO STATE *************************************************
tdens : min   =  1.31E-03 | max   =  8.26E+01 | wmass =  4.83E-01
funct : ene   =  2.03E-01 | lyap  =  6.86E-01 | dgap  =  8.06E-01
 ***********************************************************************
 iter =   13 | time =  5.20E+00 | cpu =  2.04E-01s (100%)  | var =  1.51E-01

********** UPDATE 00014 | TIME STEP = 4.00E-01 ************************
7.23E-04<= |TDENS INCREMENT| <= 5.95E+00
Steady Inputs
OUTER SOLVER: ITERATIVE PCG rel tol=1.0E-12 - imax= 200
INNER SOLVER: ITERATIVE PCG rel tol=1.0E-03 - imax= 200
0   14 1.0E-02 6.7E-14 7.3E-14  <<PCG>>WCT:2.0E-03 s
********** UPDATE SUCCEED - CPU:1.40E-02 ******************************
  
 ********** INFO STATE *************************************************
tdens : min   =  7.88E-04 | max   =  8.33E+01 | wmass =  4.65E-01
funct : ene   =  1.97E-01 | lyap  =  6.62E-01 | dgap  =  8.06E-01
 ***********************************************************************
 iter =   14 | time =  5.60E+00 | cpu =  2.18E-01s (100%)  | var =  1.46E-01

********** UPDATE 00015 | TIME STEP = 4.00E-01 ************************
7.88E-04<= |TDENS INCREMENT| <= 6.56E+00
Steady Inputs
OUTER SOLVER: ITERATIVE PCG rel tol=1.0E-12 - imax= 200
INNER SOLVER: ITERATIVE PCG rel tol=1.0E-03 - imax= 200
0   13 8.8E-03 5.4E-13 5.4E-13  <<PCG>>WCT:3.0E-03 s
********** UPDATE SUCCEED - CPU:1.80E-02 ******************************
  
 ********** INFO STATE *************************************************
tdens : min   =  4.73E-04 | max   =  8.37E+01 | wmass =  4.48E-01
funct : ene   =  1.92E-01 | lyap  =  6.41E-01 | dgap  =  8.06E-01
 ***********************************************************************
 iter =   15 | time =  6.00E+00 | cpu =  2.36E-01s (100%)  | var =  1.45E-01

********** UPDATE 00016 | TIME STEP = 4.00E-01 ************************
4.73E-04<= |TDENS INCREMENT| <= 7.25E+00
Steady Inputs
OUTER SOLVER: ITERATIVE PCG rel tol=1.0E-12 - imax= 200
INNER SOLVER: ITERATIVE PCG rel tol=1.0E-03 - imax= 200
0   13 6.9E-03 1.0E-13 1.0E-13  <<PCG>>WCT:2.0E-03 s
********** UPDATE SUCCEED - CPU:1.40E-02 ******************************
  
 ********** INFO STATE *************************************************
tdens : min   =  2.84E-04 | max   =  8.40E+01 | wmass =  4.33E-01
funct : ene   =  1.87E-01 | lyap  =  6.21E-01 | dgap  =  8.06E-01
 ***********************************************************************
 iter =   16 | time =  6.40E+00 | cpu =  2.50E-01s (100%)  | var =  1.46E-01

********** UPDATE 00017 | TIME STEP = 4.00E-01 ************************
2.84E-04<= |TDENS INCREMENT| <= 7.95E+00
Steady Inputs
OUTER SOLVER: ITERATIVE PCG rel tol=1.0E-12 - imax= 200
INNER SOLVER: ITERATIVE PCG rel tol=1.0E-03 - imax= 200
0   12 5.1E-03 8.3E-13 8.3E-13  <<PCG>>WCT:2.0E-03 s
********** UPDATE SUCCEED - CPU:1.30E-02 ******************************
  
 ********** INFO STATE *************************************************
tdens : min   =  1.70E-04 | max   =  8.42E+01 | wmass =  4.20E-01
funct : ene   =  1.82E-01 | lyap  =  6.02E-01 | dgap  =  8.06E-01
 ***********************************************************************
 iter =   17 | time =  6.80E+00 | cpu =  2.63E-01s (100%)  | var =  1.47E-01

********** UPDATE 00018 | TIME STEP = 4.00E-01 ************************
1.70E-04<= |TDENS INCREMENT| <= 8.56E+00
Steady Inputs
OUTER SOLVER: ITERATIVE PCG rel tol=1.0E-12 - imax= 200
INNER SOLVER: ITERATIVE PCG rel tol=1.0E-03 - imax= 200
0   12 4.2E-03 1.2E-13 1.2E-13  <<PCG>>WCT:2.0E-03 s
********** UPDATE SUCCEED - CPU:1.30E-02 ******************************
  
 ********** INFO STATE *************************************************
tdens : min   =  1.02E-04 | max   =  8.43E+01 | wmass =  4.07E-01
funct : ene   =  1.78E-01 | lyap  =  5.85E-01 | dgap  =  8.06E-01
 ***********************************************************************
 iter =   18 | time =  7.20E+00 | cpu =  2.76E-01s (100%)  | var =  1.49E-01

********** UPDATE 00019 | TIME STEP = 4.00E-01 ************************
1.02E-04<= |TDENS INCREMENT| <= 9.69E+00
Steady Inputs
OUTER SOLVER: ITERATIVE PCG rel tol=1.0E-12 - imax= 200
INNER SOLVER: ITERATIVE PCG rel tol=1.0E-03 - imax= 200
0   12 3.0E-03 2.9E-14 3.6E-14  <<PCG>>WCT:2.0E-03 s
********** UPDATE SUCCEED - CPU:1.30E-02 ******************************
  
 ********** INFO STATE *************************************************
tdens : min   =  6.13E-05 | max   =  8.43E+01 | wmass =  3.95E-01
funct : ene   =  1.74E-01 | lyap  =  5.69E-01 | dgap  =  8.06E-01
 ***********************************************************************
 iter =   19 | time =  7.60E+00 | cpu =  2.89E-01s (100%)  | var =  1.51E-01

********** UPDATE 00020 | TIME STEP = 4.00E-01 ************************
6.13E-05<= |TDENS INCREMENT| <= 1.22E+01
Steady Inputs
OUTER SOLVER: ITERATIVE PCG rel tol=1.0E-12 - imax= 200
INNER SOLVER: ITERATIVE PCG rel tol=1.0E-03 - imax= 200
0   11 2.1E-03 5.5E-13 5.5E-13  <<PCG>>WCT:2.0E-03 s
********** UPDATE SUCCEED - CPU:1.50E-02 ******************************
  
 ********** INFO STATE *************************************************
tdens : min   =  3.68E-05 | max   =  8.43E+01 | wmass =  3.84E-01
funct : ene   =  1.70E-01 | lyap  =  5.54E-01 | dgap  =  8.06E-01
 ***********************************************************************
 iter =   20 | time =  8.00E+00 | cpu =  3.04E-01s (100%)  | var =  1.53E-01

********** UPDATE 00021 | TIME STEP = 4.00E-01 ************************
3.68E-05<= |TDENS INCREMENT| <= 1.51E+01
Steady Inputs
OUTER SOLVER: ITERATIVE PCG rel tol=1.0E-12 - imax= 200
INNER SOLVER: ITERATIVE PCG rel tol=1.0E-03 - imax= 200
0   11 1.4E-03 1.6E-13 1.6E-13  <<PCG>>WCT:2.0E-03 s
********** UPDATE SUCCEED - CPU:1.40E-02 ******************************
  
 ********** INFO STATE *************************************************
tdens : min   =  2.21E-05 | max   =  8.43E+01 | wmass =  3.74E-01
funct : ene   =  1.66E-01 | lyap  =  5.40E-01 | dgap  =  8.06E-01
 ***********************************************************************
 iter =   21 | time =  8.40E+00 | cpu =  3.18E-01s (100%)  | var =  1.56E-01

********** UPDATE 00022 | TIME STEP = 4.00E-01 ************************
2.21E-05<= |TDENS INCREMENT| <= 1.82E+01
Steady Inputs
OUTER SOLVER: ITERATIVE PCG rel tol=1.0E-12 - imax= 200
INNER SOLVER: ITERATIVE PCG rel tol=1.0E-03 - imax= 200
0   11 8.8E-04 4.8E-14 5.2E-14  <<PCG>>WCT:1.0E-03 s
********** UPDATE SUCCEED - CPU:1.20E-02 ******************************
  
 ********** INFO STATE *************************************************
tdens : min   =  1.32E-05 | max   =  8.43E+01 | wmass =  3.64E-01
funct : ene   =  1.63E-01 | lyap  =  5.27E-01 | dgap  =  8.06E-01
 ***********************************************************************
 iter =   22 | time =  8.80E+00 | cpu =  3.30E-01s (100%)  | var =  1.60E-01

********** UPDATE 00023 | TIME STEP = 4.00E-01 ************************
1.32E-05<= |TDENS INCREMENT| <= 2.09E+01
Steady Inputs
OUTER SOLVER: ITERATIVE PCG rel tol=1.0E-12 - imax= 200
INNER SOLVER: ITERATIVE PCG rel tol=1.0E-03 - imax= 200
0   10 5.7E-04 4.7E-13 4.7E-13  <<PCG>>WCT:1.0E-03 s
********** UPDATE SUCCEED - CPU:1.20E-02 ******************************
  
 ********** INFO STATE *************************************************
tdens : min   =  7.94E-06 | max   =  8.43E+01 | wmass =  3.55E-01
funct : ene   =  1.60E-01 | lyap  =  5.15E-01 | dgap  =  8.06E-01
 ***********************************************************************
 iter =   23 | time =  9.20E+00 | cpu =  3.42E-01s (100%)  | var =  1.62E-01

********** UPDATE 00024 | TIME STEP = 4.00E-01 ************************
7.94E-06<= |TDENS INCREMENT| <= 2.28E+01
Steady Inputs
OUTER SOLVER: ITERATIVE PCG rel tol=1.0E-12 - imax= 200
INNER SOLVER: ITERATIVE PCG rel tol=1.0E-03 - imax= 200
0   10 3.7E-04 1.9E-13 1.9E-13  <<PCG>>WCT:2.0E-03 s
********** UPDATE SUCCEED - CPU:1.20E-02 ******************************
  
 ********** INFO STATE *************************************************
tdens : min   =  4.76E-06 | max   =  8.42E+01 | wmass =  3.47E-01
funct : ene   =  1.57E-01 | lyap  =  5.03E-01 | dgap  =  8.06E-01
 ***********************************************************************
 iter =   24 | time =  9.60E+00 | cpu =  3.54E-01s (100%)  | var =  1.62E-01

********** UPDATE 00025 | TIME STEP = 4.00E-01 ************************
4.76E-06<= |TDENS INCREMENT| <= 2.33E+01
Steady Inputs
OUTER SOLVER: ITERATIVE PCG rel tol=1.0E-12 - imax= 200
INNER SOLVER: ITERATIVE PCG rel tol=1.0E-03 - imax= 200
0   10 2.5E-04 5.0E-13 5.0E-13  <<PCG>>WCT:1.0E-03 s
********** UPDATE SUCCEED - CPU:1.20E-02 ******************************
  
 ********** INFO STATE *************************************************
tdens : min   =  2.86E-06 | max   =  8.42E+01 | wmass =  3.39E-01
funct : ene   =  1.54E-01 | lyap  =  4.93E-01 | dgap  =  8.06E-01
 ***********************************************************************
 iter =   25 | time =  1.00E+01 | cpu =  3.66E-01s (100%)  | var =  1.58E-01

********** UPDATE 00026 | TIME STEP = 4.00E-01 ************************
2.86E-06<= |TDENS INCREMENT| <= 2.24E+01
Steady Inputs
OUTER SOLVER: ITERATIVE PCG rel tol=1.0E-12 - imax= 200
INNER SOLVER: ITERATIVE PCG rel tol=1.0E-03 - imax= 200
0   10 1.6E-04 4.2E-13 4.2E-13  <<PCG>>WCT:2.0E-03 s
********** UPDATE SUCCEED - CPU:1.30E-02 ******************************
  
 ********** INFO STATE *************************************************
tdens : min   =  1.72E-06 | max   =  8.42E+01 | wmass =  3.32E-01
funct : ene   =  1.51E-01 | lyap  =  4.83E-01 | dgap  =  8.06E-01
 ***********************************************************************
 iter =   26 | time =  1.04E+01 | cpu =  3.79E-01s (100%)  | var =  1.49E-01

********** UPDATE 00027 | TIME STEP = 4.00E-01 ************************
1.72E-06<= |TDENS INCREMENT| <= 2.03E+01
Steady Inputs
OUTER SOLVER: ITERATIVE PCG rel tol=1.0E-12 - imax= 200
INNER SOLVER: ITERATIVE PCG rel tol=1.0E-03 - imax= 200
0   10 9.9E-05 4.4E-13 4.4E-13  <<PCG>>WCT:2.0E-03 s
********** UPDATE SUCCEED - CPU:1.70E-02 ******************************
  
 ********** INFO STATE *************************************************
tdens : min   =  1.03E-06 | max   =  8.41E+01 | wmass =  3.25E-01
funct : ene   =  1.49E-01 | lyap  =  4.74E-01 | dgap  =  8.06E-01
 ***********************************************************************
 iter =   27 | time =  1.08E+01 | cpu =  3.96E-01s (100%)  | var =  1.35E-01

********** UPDATE 00028 | TIME STEP = 4.00E-01 ************************
1.03E-06<= |TDENS INCREMENT| <= 1.74E+01
Steady Inputs
OUTER SOLVER: ITERATIVE PCG rel tol=1.0E-12 - imax= 200
INNER SOLVER: ITERATIVE PCG rel tol=1.0E-03 - imax= 200
0   10 6.5E-05 4.3E-13 4.3E-13  <<PCG>>WCT:1.0E-03 s
********** UPDATE SUCCEED - CPU:1.20E-02 ******************************
  
 ********** INFO STATE *************************************************
tdens : min   =  6.17E-07 | max   =  9.02E+01 | wmass =  3.18E-01
funct : ene   =  1.47E-01 | lyap  =  4.65E-01 | dgap  =  8.06E-01
 ***********************************************************************
 iter =   28 | time =  1.12E+01 | cpu =  4.08E-01s (100%)  | var =  1.18E-01

********** UPDATE 00029 | TIME STEP = 4.00E-01 ************************
6.17E-07<= |TDENS INCREMENT| <= 1.43E+01
Steady Inputs
OUTER SOLVER: ITERATIVE PCG rel tol=1.0E-12 - imax= 200
INNER SOLVER: ITERATIVE PCG rel tol=1.0E-03 - imax= 200
0   11 4.3E-05 9.1E-14 9.5E-14  <<PCG>>WCT:2.0E-03 s
********** UPDATE SUCCEED - CPU:1.10E-02 ******************************
  
 ********** INFO STATE *************************************************
tdens : min   =  3.70E-07 | max   =  9.59E+01 | wmass =  3.13E-01
funct : ene   =  1.45E-01 | lyap  =  4.58E-01 | dgap  =  8.06E-01
 ***********************************************************************
 iter =   29 | time =  1.16E+01 | cpu =  4.19E-01s (100%)  | var =  1.01E-01

********** UPDATE 00030 | TIME STEP = 4.00E-01 ************************
3.70E-07<= |TDENS INCREMENT| <= 1.16E+01
Steady Inputs
OUTER SOLVER: ITERATIVE PCG rel tol=1.0E-12 - imax= 200
INNER SOLVER: ITERATIVE PCG rel tol=1.0E-03 - imax= 200
0   12 4.3E-05 3.6E-14 4.3E-14  <<PCG>>WCT:2.0E-03 s
********** UPDATE SUCCEED - CPU:1.10E-02 ******************************
  
 ********** INFO STATE *************************************************
tdens : min   =  2.22E-07 | max   =  1.01E+02 | wmass =  3.08E-01
funct : ene   =  1.44E-01 | lyap  =  4.52E-01 | dgap  =  8.06E-01
 ***********************************************************************
 iter =   30 | time =  1.20E+01 | cpu =  4.30E-01s (100%)  | var =  8.63E-02

********** UPDATE 00031 | TIME STEP = 4.00E-01 ************************
2.22E-07<= |TDENS INCREMENT| <= 9.28E+00
Steady Inputs
OUTER SOLVER: ITERATIVE PCG rel tol=1.0E-12 - imax= 200
INNER SOLVER: ITERATIVE PCG rel tol=1.0E-03 - imax= 200
0   13 4.4E-05 3.5E-14 4.9E-14  <<PCG>>WCT:2.0E-03 s
********** UPDATE SUCCEED - CPU:1.10E-02 ******************************
  
 ********** INFO STATE *************************************************
tdens : min   =  1.33E-07 | max   =  1.04E+02 | wmass =  3.03E-01
funct : ene   =  1.43E-01 | lyap  =  4.46E-01 | dgap  =  8.06E-01
 ***********************************************************************
 iter =   31 | time =  1.24E+01 | cpu =  4.41E-01s (100%)  | var =  7.43E-02

********** UPDATE 00032 | TIME STEP = 4.00E-01 ************************
1.33E-07<= |TDENS INCREMENT| <= 7.53E+00
Steady Inputs
OUTER SOLVER: ITERATIVE PCG rel tol=1.0E-12 - imax= 200
INNER SOLVER: ITERATIVE PCG rel tol=1.0E-03 - imax= 200
0   14 4.8E-05 8.0E-14 8.6E-14  <<PCG>>WCT:2.0E-03 s
********** UPDATE SUCCEED - CPU:1.00E-02 ******************************
  
 ********** INFO STATE *************************************************
tdens : min   =  8.00E-08 | max   =  1.07E+02 | wmass =  2.99E-01
funct : ene   =  1.42E-01 | lyap  =  4.41E-01 | dgap  =  8.06E-01
 ***********************************************************************
 iter =   32 | time =  1.28E+01 | cpu =  4.51E-01s (100%)  | var =  6.53E-02

********** UPDATE 00033 | TIME STEP = 4.00E-01 ************************
8.00E-08<= |TDENS INCREMENT| <= 6.50E+00
Steady Inputs
OUTER SOLVER: ITERATIVE PCG rel tol=1.0E-12 - imax= 200
INNER SOLVER: ITERATIVE PCG rel tol=1.0E-03 - imax= 200
0   15 4.1E-05 3.7E-13 3.7E-13  <<PCG>>WCT:2.0E-03 s
********** UPDATE SUCCEED - CPU:9.00E-03 ******************************
  
 ********** INFO STATE *************************************************
tdens : min   =  4.80E-08 | max   =  1.10E+02 | wmass =  2.95E-01
funct : ene   =  1.41E-01 | lyap  =  4.36E-01 | dgap  =  8.06E-01
 ***********************************************************************
 iter =   33 | time =  1.32E+01 | cpu =  4.60E-01s (100%)  | var =  5.85E-02

********** UPDATE 00034 | TIME STEP = 4.00E-01 ************************
4.80E-08<= |TDENS INCREMENT| <= 6.16E+00
Steady Inputs
OUTER SOLVER: ITERATIVE PCG rel tol=1.0E-12 - imax= 200
INNER SOLVER: ITERATIVE PCG rel tol=1.0E-03 - imax= 200
0   17 4.8E-05 4.5E-13 4.6E-13  <<PCG>>WCT:2.0E-03 s
********** UPDATE SUCCEED - CPU:9.00E-03 ******************************
  
 ********** INFO STATE *************************************************
tdens : min   =  2.88E-08 | max   =  1.12E+02 | wmass =  2.92E-01
funct : ene   =  1.40E-01 | lyap  =  4.33E-01 | dgap  =  8.06E-01
 ***********************************************************************
 iter =   34 | time =  1.36E+01 | cpu =  4.69E-01s (100%)  | var =  5.34E-02

********** UPDATE 00035 | TIME STEP = 4.00E-01 ************************
2.88E-08<= |TDENS INCREMENT| <= 5.67E+00
Steady Inputs
OUTER SOLVER: ITERATIVE PCG rel tol=1.0E-12 - imax= 200
INNER SOLVER: ITERATIVE PCG rel tol=1.0E-03 - imax= 200
0   19 3.1E-05 9.1E-13 9.1E-13  <<PCG>>WCT:2.0E-03 s
********** UPDATE SUCCEED - CPU:9.00E-03 ******************************
  
 ********** INFO STATE *************************************************
tdens : min   =  1.73E-08 | max   =  1.14E+02 | wmass =  2.90E-01
funct : ene   =  1.40E-01 | lyap  =  4.29E-01 | dgap  =  8.06E-01
 ***********************************************************************
 iter =   35 | time =  1.40E+01 | cpu =  4.78E-01s (100%)  | var =  4.91E-02

********** UPDATE 00036 | TIME STEP = 4.00E-01 ************************
1.73E-08<= |TDENS INCREMENT| <= 5.04E+00
Steady Inputs
OUTER SOLVER: ITERATIVE PCG rel tol=1.0E-12 - imax= 200
INNER SOLVER: ITERATIVE PCG rel tol=1.0E-03 - imax= 200
0   22 1.9E-05 9.5E-13 9.6E-13  <<PCG>>WCT:2.0E-03 s
********** UPDATE SUCCEED - CPU:9.00E-03 ******************************
  
 ********** INFO STATE *************************************************
tdens : min   =  1.04E-08 | max   =  1.16E+02 | wmass =  2.87E-01
funct : ene   =  1.39E-01 | lyap  =  4.26E-01 | dgap  =  8.06E-01
 ***********************************************************************
 iter =   36 | time =  1.44E+01 | cpu =  4.87E-01s (100%)  | var =  4.56E-02

********** UPDATE 00037 | TIME STEP = 4.00E-01 ************************
1.04E-08<= |TDENS INCREMENT| <= 4.31E+00
Steady Inputs
OUTER SOLVER: ITERATIVE PCG rel tol=1.0E-12 - imax= 200
INNER SOLVER: ITERATIVE PCG rel tol=1.0E-03 - imax= 200
0   25 1.3E-05 3.9E-13 3.9E-13  <<PCG>>WCT:3.0E-03 s
********** UPDATE SUCCEED - CPU:9.00E-03 ******************************
  
 ********** INFO STATE *************************************************
tdens : min   =  6.22E-09 | max   =  1.17E+02 | wmass =  2.85E-01
funct : ene   =  1.39E-01 | lyap  =  4.24E-01 | dgap  =  8.06E-01
 ***********************************************************************
 iter =   37 | time =  1.48E+01 | cpu =  4.96E-01s (100%)  | var =  4.26E-02

********** UPDATE 00038 | TIME STEP = 4.00E-01 ************************
6.22E-09<= |TDENS INCREMENT| <= 4.14E+00
Steady Inputs
OUTER SOLVER: ITERATIVE PCG rel tol=1.0E-12 - imax= 200
INNER SOLVER: ITERATIVE PCG rel tol=1.0E-03 - imax= 200
0   28 8.6E-06 2.2E-13 2.2E-13  <<PCG>>WCT:2.0E-03 s
********** UPDATE SUCCEED - CPU:9.00E-03 ******************************
  
 ********** INFO STATE *************************************************
tdens : min   =  3.73E-09 | max   =  1.19E+02 | wmass =  2.83E-01
funct : ene   =  1.38E-01 | lyap  =  4.22E-01 | dgap  =  8.06E-01
 ***********************************************************************
 iter =   38 | time =  1.52E+01 | cpu =  5.05E-01s (100%)  | var =  4.03E-02

********** UPDATE 00039 | TIME STEP = 4.00E-01 ************************
3.73E-09<= |TDENS INCREMENT| <= 4.04E+00
Steady Inputs
OUTER SOLVER: ITERATIVE PCG rel tol=1.0E-12 - imax= 200
INNER SOLVER: ITERATIVE PCG rel tol=1.0E-03 - imax= 200
0   32 7.0E-06 5.2E-13 5.3E-13  <<PCG>>WCT:3.0E-03 s
********** UPDATE SUCCEED - CPU:9.00E-03 ******************************
  
 ********** INFO STATE *************************************************
tdens : min   =  2.24E-09 | max   =  1.21E+02 | wmass =  2.82E-01
funct : ene   =  1.38E-01 | lyap  =  4.20E-01 | dgap  =  8.06E-01
 ***********************************************************************
 iter =   39 | time =  1.56E+01 | cpu =  5.14E-01s (100%)  | var =  3.85E-02

********** UPDATE 00040 | TIME STEP = 4.00E-01 ************************
2.24E-09<= |TDENS INCREMENT| <= 3.95E+00
Steady Inputs
OUTER SOLVER: ITERATIVE PCG rel tol=1.0E-12 - imax= 200
INNER SOLVER: ITERATIVE PCG rel tol=1.0E-03 - imax= 200
0   34 5.8E-06 3.6E-13 3.6E-13  <<PCG>>WCT:3.0E-03 s
********** UPDATE SUCCEED - CPU:8.00E-03 ******************************
  
 ********** INFO STATE *************************************************
tdens : min   =  1.34E-09 | max   =  1.22E+02 | wmass =  2.80E-01
funct : ene   =  1.38E-01 | lyap  =  4.18E-01 | dgap  =  8.06E-01
 ***********************************************************************
 iter =   40 | time =  1.60E+01 | cpu =  5.22E-01s (100%)  | var =  3.71E-02

********** UPDATE 00041 | TIME STEP = 4.00E-01 ************************
1.34E-09<= |TDENS INCREMENT| <= 3.81E+00
Steady Inputs
OUTER SOLVER: ITERATIVE PCG rel tol=1.0E-12 - imax= 200
INNER SOLVER: ITERATIVE PCG rel tol=1.0E-03 - imax= 200
0   36 5.1E-06 3.9E-13 3.9E-13  <<PCG>>WCT:3.0E-03 s
********** UPDATE SUCCEED - CPU:8.00E-03 ******************************
  
 ********** INFO STATE *************************************************
tdens : min   =  8.06E-10 | max   =  1.24E+02 | wmass =  2.79E-01
funct : ene   =  1.37E-01 | lyap  =  4.16E-01 | dgap  =  8.06E-01
 ***********************************************************************
 iter =   41 | time =  1.64E+01 | cpu =  5.30E-01s (100%)  | var =  3.59E-02

********** UPDATE 00042 | TIME STEP = 4.00E-01 ************************
8.06E-10<= |TDENS INCREMENT| <= 3.81E+00
Steady Inputs
OUTER SOLVER: ITERATIVE PCG rel tol=1.0E-12 - imax= 200
INNER SOLVER: ITERATIVE PCG rel tol=1.0E-03 - imax= 200
0   36 4.5E-06 4.9E-13 5.0E-13  <<PCG>>WCT:3.0E-03 s
********** UPDATE SUCCEED - CPU:8.00E-03 ******************************
  
 ********** INFO STATE *************************************************
tdens : min   =  4.84E-10 | max   =  1.25E+02 | wmass =  2.78E-01
funct : ene   =  1.37E-01 | lyap  =  4.15E-01 | dgap  =  8.06E-01
 ***********************************************************************
 iter =   42 | time =  1.68E+01 | cpu =  5.38E-01s (100%)  | var =  3.46E-02

********** UPDATE 00043 | TIME STEP = 4.00E-01 ************************
4.84E-10<= |TDENS INCREMENT| <= 3.84E+00
Steady Inputs
OUTER SOLVER: ITERATIVE PCG rel tol=1.0E-12 - imax= 200
INNER SOLVER: ITERATIVE PCG rel tol=1.0E-03 - imax= 200
0   37 4.8E-06 5.2E-13 5.2E-13  <<PCG>>WCT:3.0E-03 s
********** UPDATE SUCCEED - CPU:7.00E-03 ******************************
  
 ********** INFO STATE *************************************************
tdens : min   =  2.90E-10 | max   =  1.27E+02 | wmass =  2.77E-01
funct : ene   =  1.37E-01 | lyap  =  4.14E-01 | dgap  =  8.06E-01
 ***********************************************************************
 iter =   43 | time =  1.72E+01 | cpu =  5.45E-01s (100%)  | var =  3.32E-02

********** UPDATE 00044 | TIME STEP = 4.00E-01 ************************
2.90E-10<= |TDENS INCREMENT| <= 3.82E+00
Steady Inputs
OUTER SOLVER: ITERATIVE PCG rel tol=1.0E-12 - imax= 200
INNER SOLVER: ITERATIVE PCG rel tol=1.0E-03 - imax= 200
0   37 5.0E-06 6.6E-13 6.6E-13  <<PCG>>WCT:3.0E-03 s
********** UPDATE SUCCEED - CPU:7.00E-03 ******************************
  
 ********** INFO STATE *************************************************
tdens : min   =  1.74E-10 | max   =  1.28E+02 | wmass =  2.76E-01
funct : ene   =  1.36E-01 | lyap  =  4.13E-01 | dgap  =  8.06E-01
 ***********************************************************************
 iter =   44 | time =  1.76E+01 | cpu =  5.52E-01s (100%)  | var =  3.17E-02

********** UPDATE 00045 | TIME STEP = 4.00E-01 ************************
1.74E-10<= |TDENS INCREMENT| <= 3.72E+00
Steady Inputs
OUTER SOLVER: ITERATIVE PCG rel tol=1.0E-12 - imax= 200
INNER SOLVER: ITERATIVE PCG rel tol=1.0E-03 - imax= 200
0   36 5.2E-06 2.6E-13 2.7E-13  <<PCG>>WCT:3.0E-03 s
********** UPDATE SUCCEED - CPU:7.00E-03 ******************************
  
 ********** INFO STATE *************************************************
tdens : min   =  1.05E-10 | max   =  1.29E+02 | wmass =  2.75E-01
funct : ene   =  1.36E-01 | lyap  =  4.12E-01 | dgap  =  8.06E-01
 ***********************************************************************
 iter =   45 | time =  1.80E+01 | cpu =  5.59E-01s (100%)  | var =  3.00E-02

********** UPDATE 00046 | TIME STEP = 4.00E-01 ************************
1.05E-10<= |TDENS INCREMENT| <= 3.54E+00
Steady Inputs
OUTER SOLVER: ITERATIVE PCG rel tol=1.0E-12 - imax= 200
INNER SOLVER: ITERATIVE PCG rel tol=1.0E-03 - imax= 200
0   38 5.0E-06 4.8E-13 4.8E-13  <<PCG>>WCT:3.0E-03 s
********** UPDATE SUCCEED - CPU:7.00E-03 ******************************
  
 ********** INFO STATE *************************************************
tdens : min   =  1.00E-10 | max   =  1.30E+02 | wmass =  2.75E-01
funct : ene   =  1.36E-01 | lyap  =  4.11E-01 | dgap  =  8.06E-01
 ***********************************************************************
 iter =   46 | time =  1.84E+01 | cpu =  5.66E-01s (100%)  | var =  2.84E-02

********** UPDATE 00047 | TIME STEP = 4.00E-01 ************************
1.00E-10<= |TDENS INCREMENT| <= 3.27E+00
Steady Inputs
OUTER SOLVER: ITERATIVE PCG rel tol=1.0E-12 - imax= 200
INNER SOLVER: ITERATIVE PCG rel tol=1.0E-03 - imax= 200
0   37 4.5E-06 4.6E-13 4.6E-13  <<PCG>>WCT:3.0E-03 s
********** UPDATE SUCCEED - CPU:7.00E-03 ******************************
  
 ********** INFO STATE *************************************************
tdens : min   =  1.00E-10 | max   =  1.31E+02 | wmass =  2.74E-01
funct : ene   =  1.36E-01 | lyap  =  4.10E-01 | dgap  =  8.06E-01
 ***********************************************************************
 iter =   47 | time =  1.88E+01 | cpu =  5.73E-01s (100%)  | var =  2.67E-02

********** UPDATE 00048 | TIME STEP = 4.00E-01 ************************
1.00E-10<= |TDENS INCREMENT| <= 2.92E+00
Steady Inputs
OUTER SOLVER: ITERATIVE PCG rel tol=1.0E-12 - imax= 200
INNER SOLVER: ITERATIVE PCG rel tol=1.0E-03 - imax= 200
0   37 4.2E-06 6.1E-13 6.1E-13  <<PCG>>WCT:3.0E-03 s
********** UPDATE SUCCEED - CPU:7.00E-03 ******************************
  
 ********** INFO STATE *************************************************
tdens : min   =  1.00E-10 | max   =  1.31E+02 | wmass =  2.73E-01
funct : ene   =  1.36E-01 | lyap  =  4.09E-01 | dgap  =  8.06E-01
 ***********************************************************************
 iter =   48 | time =  1.92E+01 | cpu =  5.80E-01s (100%)  | var =  2.52E-02

********** UPDATE 00049 | TIME STEP = 4.00E-01 ************************
1.00E-10<= |TDENS INCREMENT| <= 2.58E+00
Steady Inputs
OUTER SOLVER: ITERATIVE PCG rel tol=1.0E-12 - imax= 200
INNER SOLVER: ITERATIVE PCG rel tol=1.0E-03 - imax= 200
0   36 3.6E-06 1.0E-12 1.0E-12  <<PCG>>WCT:3.0E-03 s
********** UPDATE SUCCEED - CPU:6.00E-03 ******************************
  
 ********** INFO STATE *************************************************
tdens : min   =  1.00E-10 | max   =  1.32E+02 | wmass =  2.73E-01
funct : ene   =  1.35E-01 | lyap  =  4.08E-01 | dgap  =  8.06E-01
 ***********************************************************************
 iter =   49 | time =  1.96E+01 | cpu =  5.86E-01s (100%)  | var =  2.40E-02

********** UPDATE 00050 | TIME STEP = 4.00E-01 ************************
1.00E-10<= |TDENS INCREMENT| <= 2.84E+00
Steady Inputs
OUTER SOLVER: ITERATIVE PCG rel tol=1.0E-12 - imax= 200
INNER SOLVER: ITERATIVE PCG rel tol=1.0E-03 - imax= 200
0   37 3.3E-06 6.9E-13 6.9E-13  <<PCG>>WCT:3.0E-03 s
********** UPDATE SUCCEED - CPU:6.00E-03 ******************************
  
 ********** INFO STATE *************************************************
tdens : min   =  1.00E-10 | max   =  1.32E+02 | wmass =  2.72E-01
funct : ene   =  1.35E-01 | lyap  =  4.08E-01 | dgap  =  8.06E-01
 ***********************************************************************
 iter =   50 | time =  2.00E+01 | cpu =  5.92E-01s (100%)  | var =  2.32E-02

********** UPDATE 00051 | TIME STEP = 4.00E-01 ************************
1.00E-10<= |TDENS INCREMENT| <= 3.11E+00
Steady Inputs
OUTER SOLVER: ITERATIVE PCG rel tol=1.0E-12 - imax= 200
INNER SOLVER: ITERATIVE PCG rel tol=1.0E-03 - imax= 200
0   37 2.7E-06 6.9E-13 6.9E-13  <<PCG>>WCT:3.0E-03 s
********** UPDATE SUCCEED - CPU:6.00E-03 ******************************
  
 ********** INFO STATE *************************************************
tdens : min   =  1.00E-10 | max   =  1.32E+02 | wmass =  2.72E-01
funct : ene   =  1.35E-01 | lyap  =  4.07E-01 | dgap  =  8.06E-01
 ***********************************************************************
 iter =   51 | time =  2.04E+01 | cpu =  5.98E-01s (100%)  | var =  2.28E-02

********** UPDATE 00052 | TIME STEP = 4.00E-01 ************************
1.00E-10<= |TDENS INCREMENT| <= 3.37E+00
Steady Inputs
OUTER SOLVER: ITERATIVE PCG rel tol=1.0E-12 - imax= 200
INNER SOLVER: ITERATIVE PCG rel tol=1.0E-03 - imax= 200
0   37 2.4E-06 9.4E-13 9.4E-13  <<PCG>>WCT:3.0E-03 s
********** UPDATE SUCCEED - CPU:6.00E-03 ******************************
  
 ********** INFO STATE *************************************************
tdens : min   =  1.00E-10 | max   =  1.32E+02 | wmass =  2.71E-01
funct : ene   =  1.35E-01 | lyap  =  4.06E-01 | dgap  =  8.06E-01
 ***********************************************************************
 iter =   52 | time =  2.08E+01 | cpu =  6.04E-01s (100%)  | var =  2.29E-02

********** UPDATE 00053 | TIME STEP = 4.00E-01 ************************
1.00E-10<= |TDENS INCREMENT| <= 3.64E+00
Steady Inputs
OUTER SOLVER: ITERATIVE PCG rel tol=1.0E-12 - imax= 200
INNER SOLVER: ITERATIVE PCG rel tol=1.0E-03 - imax= 200
0   37 2.5E-06 8.0E-13 8.1E-13  <<PCG>>WCT:3.0E-03 s
********** UPDATE SUCCEED - CPU:6.00E-03 ******************************
  
 ********** INFO STATE *************************************************
tdens : min   =  1.00E-10 | max   =  1.32E+02 | wmass =  2.71E-01
funct : ene   =  1.35E-01 | lyap  =  4.06E-01 | dgap  =  8.06E-01
 ***********************************************************************
 iter =   53 | time =  2.12E+01 | cpu =  6.10E-01s (100%)  | var =  2.34E-02

********** UPDATE 00054 | TIME STEP = 4.00E-01 ************************
1.00E-10<= |TDENS INCREMENT| <= 3.88E+00
Steady Inputs
OUTER SOLVER: ITERATIVE PCG rel tol=1.0E-12 - imax= 200
INNER SOLVER: ITERATIVE PCG rel tol=1.0E-03 - imax= 200
0   37 2.1E-06 9.1E-13 9.0E-13  <<PCG>>WCT:2.0E-03 s
********** UPDATE SUCCEED - CPU:6.00E-03 ******************************
  
 ********** INFO STATE *************************************************
tdens : min   =  1.00E-10 | max   =  1.32E+02 | wmass =  2.71E-01
funct : ene   =  1.35E-01 | lyap  =  4.05E-01 | dgap  =  8.06E-01
 ***********************************************************************
 iter =   54 | time =  2.16E+01 | cpu =  6.16E-01s (100%)  | var =  2.42E-02

********** UPDATE 00055 | TIME STEP = 4.00E-01 ************************
1.00E-10<= |TDENS INCREMENT| <= 4.11E+00
Steady Inputs
OUTER SOLVER: ITERATIVE PCG rel tol=1.0E-12 - imax= 200
INNER SOLVER: ITERATIVE PCG rel tol=1.0E-03 - imax= 200
0   36 1.8E-06 7.1E-13 7.1E-13  <<PCG>>WCT:3.0E-03 s
********** UPDATE SUCCEED - CPU:6.00E-03 ******************************
  
 ********** INFO STATE *************************************************
tdens : min   =  1.00E-10 | max   =  1.32E+02 | wmass =  2.70E-01
funct : ene   =  1.35E-01 | lyap  =  4.05E-01 | dgap  =  8.06E-01
 ***********************************************************************
 iter =   55 | time =  2.20E+01 | cpu =  6.22E-01s (100%)  | var =  2.53E-02

********** UPDATE 00056 | TIME STEP = 4.00E-01 ************************
1.00E-10<= |TDENS INCREMENT| <= 4.31E+00
Steady Inputs
OUTER SOLVER: ITERATIVE PCG rel tol=1.0E-12 - imax= 200
INNER SOLVER: ITERATIVE PCG rel tol=1.0E-03 - imax= 200
0   35 2.4E-06 3.0E-13 3.0E-13  <<PCG>>WCT:2.0E-03 s
********** UPDATE SUCCEED - CPU:6.00E-03 ******************************
  
 ********** INFO STATE *************************************************
tdens : min   =  1.00E-10 | max   =  1.32E+02 | wmass =  2.70E-01
funct : ene   =  1.34E-01 | lyap  =  4.05E-01 | dgap  =  8.06E-01
 ***********************************************************************
 iter =   56 | time =  2.24E+01 | cpu =  6.28E-01s (100%)  | var =  2.65E-02

********** UPDATE 00057 | TIME STEP = 4.00E-01 ************************
1.00E-10<= |TDENS INCREMENT| <= 4.48E+00
Steady Inputs
OUTER SOLVER: ITERATIVE PCG rel tol=1.0E-12 - imax= 200
INNER SOLVER: ITERATIVE PCG rel tol=1.0E-03 - imax= 200
0   34 1.8E-06 8.2E-13 8.2E-13  <<PCG>>WCT:3.0E-03 s
********** UPDATE SUCCEED - CPU:6.00E-03 ******************************
  
 ********** INFO STATE *************************************************
tdens : min   =  1.00E-10 | max   =  1.32E+02 | wmass =  2.70E-01
funct : ene   =  1.34E-01 | lyap  =  4.04E-01 | dgap  =  8.06E-01
 ***********************************************************************
 iter =   57 | time =  2.28E+01 | cpu =  6.34E-01s (100%)  | var =  2.78E-02

********** UPDATE 00058 | TIME STEP = 4.00E-01 ************************
1.00E-10<= |TDENS INCREMENT| <= 4.60E+00
Steady Inputs
OUTER SOLVER: ITERATIVE PCG rel tol=1.0E-12 - imax= 200
INNER SOLVER: ITERATIVE PCG rel tol=1.0E-03 - imax= 200
0   35 1.3E-06 4.8E-13 4.8E-13  <<PCG>>WCT:2.0E-03 s
********** UPDATE SUCCEED - CPU:5.00E-03 ******************************
  
 ********** INFO STATE *************************************************
tdens : min   =  1.00E-10 | max   =  1.32E+02 | wmass =  2.70E-01
funct : ene   =  1.34E-01 | lyap  =  4.04E-01 | dgap  =  8.06E-01
 ***********************************************************************
 iter =   58 | time =  2.32E+01 | cpu =  6.39E-01s (100%)  | var =  2.90E-02

********** UPDATE 00059 | TIME STEP = 4.00E-01 ************************
1.00E-10<= |TDENS INCREMENT| <= 4.68E+00
Steady Inputs
OUTER SOLVER: ITERATIVE PCG rel tol=1.0E-12 - imax= 200
INNER SOLVER: ITERATIVE PCG rel tol=1.0E-03 - imax= 200
0   35 1.4E-06 8.4E-13 8.4E-13  <<PCG>>WCT:3.0E-03 s
********** UPDATE SUCCEED - CPU:6.00E-03 ******************************
  
 ********** INFO STATE *************************************************
tdens : min   =  1.00E-10 | max   =  1.33E+02 | wmass =  2.69E-01
funct : ene   =  1.34E-01 | lyap  =  4.03E-01 | dgap  =  8.06E-01
 ***********************************************************************
 iter =   59 | time =  2.36E+01 | cpu =  6.45E-01s (100%)  | var =  3.01E-02

********** UPDATE 00060 | TIME STEP = 4.00E-01 ************************
1.00E-10<= |TDENS INCREMENT| <= 4.82E+00
Steady Inputs
OUTER SOLVER: ITERATIVE PCG rel tol=1.0E-12 - imax= 200
INNER SOLVER: ITERATIVE PCG rel tol=1.0E-03 - imax= 200
0   34 1.1E-06 9.5E-13 9.5E-13  <<PCG>>WCT:2.0E-03 s
********** UPDATE SUCCEED - CPU:5.00E-03 ******************************
  
 ********** INFO STATE *************************************************
tdens : min   =  1.00E-10 | max   =  1.33E+02 | wmass =  2.69E-01
funct : ene   =  1.34E-01 | lyap  =  4.03E-01 | dgap  =  8.06E-01
 ***********************************************************************
 iter =   60 | time =  2.40E+01 | cpu =  6.50E-01s (100%)  | var =  3.10E-02

********** UPDATE 00061 | TIME STEP = 4.00E-01 ************************
1.00E-10<= |TDENS INCREMENT| <= 4.90E+00
Steady Inputs
OUTER SOLVER: ITERATIVE PCG rel tol=1.0E-12 - imax= 200
INNER SOLVER: ITERATIVE PCG rel tol=1.0E-03 - imax= 200
0   35 2.4E-06 7.2E-13 7.2E-13  <<PCG>>WCT:3.0E-03 s
********** UPDATE SUCCEED - CPU:6.00E-03 ******************************
  
 ********** INFO STATE *************************************************
tdens : min   =  1.00E-10 | max   =  1.33E+02 | wmass =  2.69E-01
funct : ene   =  1.34E-01 | lyap  =  4.03E-01 | dgap  =  8.06E-01
 ***********************************************************************
 iter =   61 | time =  2.44E+01 | cpu =  6.56E-01s (100%)  | var =  3.16E-02

********** UPDATE 00062 | TIME STEP = 4.00E-01 ************************
1.00E-10<= |TDENS INCREMENT| <= 4.84E+00
Steady Inputs
OUTER SOLVER: ITERATIVE PCG rel tol=1.0E-12 - imax= 200
INNER SOLVER: ITERATIVE PCG rel tol=1.0E-03 - imax= 200
0   36 1.9E-06 5.1E-13 5.1E-13  <<PCG>>WCT:3.0E-03 s
********** UPDATE SUCCEED - CPU:6.00E-03 ******************************
  
 ********** INFO STATE *************************************************
tdens : min   =  1.00E-10 | max   =  1.33E+02 | wmass =  2.68E-01
funct : ene   =  1.34E-01 | lyap  =  4.02E-01 | dgap  =  8.06E-01
 ***********************************************************************
 iter =   62 | time =  2.48E+01 | cpu =  6.62E-01s (100%)  | var =  3.18E-02

********** UPDATE 00063 | TIME STEP = 4.00E-01 ************************
1.00E-10<= |TDENS INCREMENT| <= 4.63E+00
Steady Inputs
OUTER SOLVER: ITERATIVE PCG rel tol=1.0E-12 - imax= 200
INNER SOLVER: ITERATIVE PCG rel tol=1.0E-03 - imax= 200
0   35 1.3E-06 7.1E-13 7.1E-13  <<PCG>>WCT:2.0E-03 s
********** UPDATE SUCCEED - CPU:5.00E-03 ******************************
  
 ********** INFO STATE *************************************************
tdens : min   =  1.00E-10 | max   =  1.33E+02 | wmass =  2.68E-01
funct : ene   =  1.33E-01 | lyap  =  4.01E-01 | dgap  =  8.06E-01
 ***********************************************************************
 iter =   63 | time =  2.52E+01 | cpu =  6.67E-01s (100%)  | var =  3.15E-02

********** UPDATE 00064 | TIME STEP = 4.00E-01 ************************
1.00E-10<= |TDENS INCREMENT| <= 4.27E+00
Steady Inputs
OUTER SOLVER: ITERATIVE PCG rel tol=1.0E-12 - imax= 200
INNER SOLVER: ITERATIVE PCG rel tol=1.0E-03 - imax= 200
0   33 2.2E-06 2.6E-13 2.7E-13  <<PCG>>WCT:3.0E-03 s
********** UPDATE SUCCEED - CPU:6.00E-03 ******************************
  
 ********** INFO STATE *************************************************
tdens : min   =  1.00E-10 | max   =  1.33E+02 | wmass =  2.68E-01
funct : ene   =  1.33E-01 | lyap  =  4.01E-01 | dgap  =  8.06E-01
 ***********************************************************************
 iter =   64 | time =  2.56E+01 | cpu =  6.73E-01s (100%)  | var =  3.08E-02

********** UPDATE 00065 | TIME STEP = 4.00E-01 ************************
1.00E-10<= |TDENS INCREMENT| <= 4.33E+00
Steady Inputs
OUTER SOLVER: ITERATIVE PCG rel tol=1.0E-12 - imax= 200
INNER SOLVER: ITERATIVE PCG rel tol=1.0E-03 - imax= 200
0   35 2.0E-06 5.4E-13 5.4E-13  <<PCG>>WCT:3.0E-03 s
********** UPDATE SUCCEED - CPU:6.00E-03 ******************************
  
 ********** INFO STATE *************************************************
tdens : min   =  1.00E-10 | max   =  1.33E+02 | wmass =  2.67E-01
funct : ene   =  1.33E-01 | lyap  =  4.00E-01 | dgap  =  8.06E-01
 ***********************************************************************
 iter =   65 | time =  2.60E+01 | cpu =  6.79E-01s (100%)  | var =  2.98E-02

********** UPDATE 00066 | TIME STEP = 4.00E-01 ************************
1.00E-10<= |TDENS INCREMENT| <= 4.65E+00
Steady Inputs
OUTER SOLVER: ITERATIVE PCG rel tol=1.0E-12 - imax= 200
INNER SOLVER: ITERATIVE PCG rel tol=1.0E-03 - imax= 200
0   34 1.3E-06 8.8E-13 8.8E-13  <<PCG>>WCT:2.0E-03 s
********** UPDATE SUCCEED - CPU:5.00E-03 ******************************
  
 ********** INFO STATE *************************************************
tdens : min   =  1.00E-10 | max   =  1.33E+02 | wmass =  2.67E-01
funct : ene   =  1.33E-01 | lyap  =  4.00E-01 | dgap  =  8.06E-01
 ***********************************************************************
 iter =   66 | time =  2.64E+01 | cpu =  6.84E-01s (100%)  | var =  2.88E-02

********** UPDATE 00067 | TIME STEP = 4.00E-01 ************************
1.00E-10<= |TDENS INCREMENT| <= 4.95E+00
Steady Inputs
OUTER SOLVER: ITERATIVE PCG rel tol=1.0E-12 - imax= 200
INNER SOLVER: ITERATIVE PCG rel tol=1.0E-03 - imax= 200
0   35 2.9E-06 8.5E-13 8.6E-13  <<PCG>>WCT:3.0E-03 s
********** UPDATE SUCCEED - CPU:6.00E-03 ******************************
  
 ********** INFO STATE *************************************************
tdens : min   =  1.00E-10 | max   =  1.33E+02 | wmass =  2.67E-01
funct : ene   =  1.33E-01 | lyap  =  3.99E-01 | dgap  =  8.06E-01
 ***********************************************************************
 iter =   67 | time =  2.68E+01 | cpu =  6.90E-01s (100%)  | var =  2.77E-02

********** UPDATE 00068 | TIME STEP = 4.00E-01 ************************
1.00E-10<= |TDENS INCREMENT| <= 5.21E+00
Steady Inputs
OUTER SOLVER: ITERATIVE PCG rel tol=1.0E-12 - imax= 200
INNER SOLVER: ITERATIVE PCG rel tol=1.0E-03 - imax= 200
0   34 2.1E-06 8.6E-13 8.6E-13  <<PCG>>WCT:3.0E-03 s
********** UPDATE SUCCEED - CPU:6.00E-03 ******************************
  
 ********** INFO STATE *************************************************
tdens : min   =  1.00E-10 | max   =  1.33E+02 | wmass =  2.66E-01
funct : ene   =  1.32E-01 | lyap  =  3.99E-01 | dgap  =  8.06E-01
 ***********************************************************************
 iter =   68 | time =  2.72E+01 | cpu =  6.96E-01s (100%)  | var =  2.69E-02

********** UPDATE 00069 | TIME STEP = 4.00E-01 ************************
1.00E-10<= |TDENS INCREMENT| <= 5.42E+00
Steady Inputs
OUTER SOLVER: ITERATIVE PCG rel tol=1.0E-12 - imax= 200
INNER SOLVER: ITERATIVE PCG rel tol=1.0E-03 - imax= 200
0   35 2.5E-06 6.1E-13 6.1E-13  <<PCG>>WCT:3.0E-03 s
********** UPDATE SUCCEED - CPU:6.00E-03 ******************************
  
 ********** INFO STATE *************************************************
tdens : min   =  1.00E-10 | max   =  1.33E+02 | wmass =  2.66E-01
funct : ene   =  1.32E-01 | lyap  =  3.98E-01 | dgap  =  8.06E-01
 ***********************************************************************
 iter =   69 | time =  2.76E+01 | cpu =  7.02E-01s (100%)  | var =  2.61E-02

********** UPDATE 00070 | TIME STEP = 4.00E-01 ************************
1.00E-10<= |TDENS INCREMENT| <= 5.57E+00
Steady Inputs
OUTER SOLVER: ITERATIVE PCG rel tol=1.0E-12 - imax= 200
INNER SOLVER: ITERATIVE PCG rel tol=1.0E-03 - imax= 200
0   34 2.4E-06 8.7E-13 8.7E-13  <<PCG>>WCT:2.0E-03 s
********** UPDATE SUCCEED - CPU:5.00E-03 ******************************
  
 ********** INFO STATE *************************************************
tdens : min   =  1.00E-10 | max   =  1.33E+02 | wmass =  2.66E-01
funct : ene   =  1.32E-01 | lyap  =  3.98E-01 | dgap  =  8.06E-01
 ***********************************************************************
 iter =   70 | time =  2.80E+01 | cpu =  7.07E-01s (100%)  | var =  2.53E-02

********** UPDATE 00071 | TIME STEP = 4.00E-01 ************************
1.00E-10<= |TDENS INCREMENT| <= 5.65E+00
Steady Inputs
OUTER SOLVER: ITERATIVE PCG rel tol=1.0E-12 - imax= 200
INNER SOLVER: ITERATIVE PCG rel tol=1.0E-03 - imax= 200
0   36 2.0E-06 7.1E-13 7.1E-13  <<PCG>>WCT:2.0E-03 s
********** UPDATE SUCCEED - CPU:5.00E-03 ******************************
  
 ********** INFO STATE *************************************************
tdens : min   =  1.00E-10 | max   =  1.33E+02 | wmass =  2.65E-01
funct : ene   =  1.32E-01 | lyap  =  3.97E-01 | dgap  =  8.06E-01
 ***********************************************************************
 iter =   71 | time =  2.84E+01 | cpu =  7.12E-01s (100%)  | var =  2.45E-02

********** UPDATE 00072 | TIME STEP = 4.00E-01 ************************
1.00E-10<= |TDENS INCREMENT| <= 5.65E+00
Steady Inputs
OUTER SOLVER: ITERATIVE PCG rel tol=1.0E-12 - imax= 200
INNER SOLVER: ITERATIVE PCG rel tol=1.0E-03 - imax= 200
0   35 1.9E-06 9.1E-13 9.1E-13  <<PCG>>WCT:2.0E-03 s
********** UPDATE SUCCEED - CPU:5.00E-03 ******************************
  
 ********** INFO STATE *************************************************
tdens : min   =  1.00E-10 | max   =  1.33E+02 | wmass =  2.65E-01
funct : ene   =  1.32E-01 | lyap  =  3.97E-01 | dgap  =  8.06E-01
 ***********************************************************************
 iter =   72 | time =  2.88E+01 | cpu =  7.17E-01s (100%)  | var =  2.36E-02

********** UPDATE 00073 | TIME STEP = 4.00E-01 ************************
1.00E-10<= |TDENS INCREMENT| <= 5.55E+00
Steady Inputs
OUTER SOLVER: ITERATIVE PCG rel tol=1.0E-12 - imax= 200
INNER SOLVER: ITERATIVE PCG rel tol=1.0E-03 - imax= 200
0   37 1.6E-06 4.3E-13 4.4E-13  <<PCG>>WCT:3.0E-03 s
********** UPDATE SUCCEED - CPU:6.00E-03 ******************************
  
 ********** INFO STATE *************************************************
tdens : min   =  1.00E-10 | max   =  1.33E+02 | wmass =  2.65E-01
funct : ene   =  1.32E-01 | lyap  =  3.97E-01 | dgap  =  8.06E-01
 ***********************************************************************
 iter =   73 | time =  2.92E+01 | cpu =  7.23E-01s (100%)  | var =  2.26E-02

********** UPDATE 00074 | TIME STEP = 4.00E-01 ************************
1.00E-10<= |TDENS INCREMENT| <= 5.34E+00
Steady Inputs
OUTER SOLVER: ITERATIVE PCG rel tol=1.0E-12 - imax= 200
INNER SOLVER: ITERATIVE PCG rel tol=1.0E-03 - imax= 200
0   34 1.3E-06 8.3E-13 8.3E-13  <<PCG>>WCT:3.0E-03 s
********** UPDATE SUCCEED - CPU:6.00E-03 ******************************
  
 ********** INFO STATE *************************************************
tdens : min   =  1.00E-10 | max   =  1.33E+02 | wmass =  2.64E-01
funct : ene   =  1.32E-01 | lyap  =  3.96E-01 | dgap  =  8.06E-01
 ***********************************************************************
 iter =   74 | time =  2.96E+01 | cpu =  7.29E-01s (100%)  | var =  2.15E-02

********** UPDATE 00075 | TIME STEP = 4.00E-01 ************************
1.00E-10<= |TDENS INCREMENT| <= 5.03E+00
Steady Inputs
OUTER SOLVER: ITERATIVE PCG rel tol=1.0E-12 - imax= 200
INNER SOLVER: ITERATIVE PCG rel tol=1.0E-03 - imax= 200
0   32 9.0E-07 9.8E-13 9.8E-13  <<PCG>>WCT:3.0E-03 s
********** UPDATE SUCCEED - CPU:5.00E-03 ******************************
  
 ********** INFO STATE *************************************************
tdens : min   =  1.00E-10 | max   =  1.33E+02 | wmass =  2.64E-01
funct : ene   =  1.32E-01 | lyap  =  3.96E-01 | dgap  =  8.06E-01
 ***********************************************************************
 iter =   75 | time =  3.00E+01 | cpu =  7.34E-01s (100%)  | var =  2.02E-02

********** UPDATE 00076 | TIME STEP = 4.00E-01 ************************
1.00E-10<= |TDENS INCREMENT| <= 4.61E+00
Steady Inputs
OUTER SOLVER: ITERATIVE PCG rel tol=1.0E-12 - imax= 200
INNER SOLVER: ITERATIVE PCG rel tol=1.0E-03 - imax= 200
0   31 7.4E-07 6.7E-13 6.7E-13  <<PCG>>WCT:3.0E-03 s
********** UPDATE SUCCEED - CPU:6.00E-03 ******************************
  
 ********** INFO STATE *************************************************
tdens : min   =  1.00E-10 | max   =  1.33E+02 | wmass =  2.64E-01
funct : ene   =  1.31E-01 | lyap  =  3.95E-01 | dgap  =  8.06E-01
 ***********************************************************************
 iter =   76 | time =  3.04E+01 | cpu =  7.40E-01s (100%)  | var =  1.89E-02

********** UPDATE 00077 | TIME STEP = 4.00E-01 ************************
1.00E-10<= |TDENS INCREMENT| <= 4.11E+00
Steady Inputs
OUTER SOLVER: ITERATIVE PCG rel tol=1.0E-12 - imax= 200
INNER SOLVER: ITERATIVE PCG rel tol=1.0E-03 - imax= 200
0   31 7.1E-07 2.6E-13 2.7E-13  <<PCG>>WCT:3.0E-03 s
********** UPDATE SUCCEED - CPU:6.00E-03 ******************************
  
 ********** INFO STATE *************************************************
tdens : min   =  1.00E-10 | max   =  1.33E+02 | wmass =  2.64E-01
funct : ene   =  1.31E-01 | lyap  =  3.95E-01 | dgap  =  8.06E-01
 ***********************************************************************
 iter =   77 | time =  3.08E+01 | cpu =  7.46E-01s (100%)  | var =  1.76E-02

********** UPDATE 00078 | TIME STEP = 4.00E-01 ************************
1.00E-10<= |TDENS INCREMENT| <= 3.56E+00
Steady Inputs
OUTER SOLVER: ITERATIVE PCG rel tol=1.0E-12 - imax= 200
INNER SOLVER: ITERATIVE PCG rel tol=1.0E-03 - imax= 200
0   31 7.1E-07 6.0E-13 5.9E-13  <<PCG>>WCT:2.0E-03 s
********** UPDATE SUCCEED - CPU:5.00E-03 ******************************
  
 ********** INFO STATE *************************************************
tdens : min   =  1.00E-10 | max   =  1.33E+02 | wmass =  2.64E-01
funct : ene   =  1.31E-01 | lyap  =  3.95E-01 | dgap  =  8.06E-01
 ***********************************************************************
 iter =   78 | time =  3.12E+01 | cpu =  7.51E-01s (100%)  | var =  1.64E-02

********** UPDATE 00079 | TIME STEP = 4.00E-01 ************************
1.00E-10<= |TDENS INCREMENT| <= 2.99E+00
Steady Inputs
OUTER SOLVER: ITERATIVE PCG rel tol=1.0E-12 - imax= 200
INNER SOLVER: ITERATIVE PCG rel tol=1.0E-03 - imax= 200
0   30 7.7E-07 5.3E-13 5.4E-13  <<PCG>>WCT:2.0E-03 s
********** UPDATE SUCCEED - CPU:5.00E-03 ******************************
  
 ********** INFO STATE *************************************************
tdens : min   =  1.00E-10 | max   =  1.33E+02 | wmass =  2.63E-01
funct : ene   =  1.31E-01 | lyap  =  3.95E-01 | dgap  =  8.06E-01
 ***********************************************************************
 iter =   79 | time =  3.16E+01 | cpu =  7.56E-01s (100%)  | var =  1.54E-02

********** UPDATE 00080 | TIME STEP = 4.00E-01 ************************
9.89E-12<= |TDENS INCREMENT| <= 2.70E+00
Steady Inputs
OUTER SOLVER: ITERATIVE PCG rel tol=1.0E-12 - imax= 200
INNER SOLVER: ITERATIVE PCG rel tol=1.0E-03 - imax= 200
0   30 6.1E-07 4.3E-13 4.3E-13  <<PCG>>WCT:2.0E-03 s
********** UPDATE SUCCEED - CPU:5.00E-03 ******************************
  
 ********** INFO STATE *************************************************
tdens : min   =  1.00E-10 | max   =  1.33E+02 | wmass =  2.63E-01
funct : ene   =  1.31E-01 | lyap  =  3.94E-01 | dgap  =  8.06E-01
 ***********************************************************************
 iter =   80 | time =  3.20E+01 | cpu =  7.61E-01s (100%)  | var =  1.46E-02
Update Number exceed limits          80
